2015-06-19 02:08:23.627 myApp[12635:674385] Apache Cordova native platform version 3.8.0 is starting.
2015-06-19 02:08:23.627 myApp[12635:674385] Multi-tasking -> Device: YES, App: YES
2015-06-19 02:08:23.629 myApp[12635:674385] Unlimited access to network resources
2015-06-19 02:08:23.690 myApp[12635:674385] [CDVTimer][keyboard] 0.051975ms
2015-06-19 02:08:23.700 myApp[12635:674385] [CDVTimer][splashscreen] 10.361016ms
2015-06-19 02:08:23.701 myApp[12635:674385] [CDVTimer][TotalPluginStartup] 10.885000ms
2015-06-19 02:08:23.801 myApp[12635:674385] Resetting plugins due to page load.
2015-06-19 02:08:24.077 myApp[12635:674385] Finished load of: http://192.168.0.14:8100/#/login
2015-06-19 02:08:25.568 myApp[12635:674385] Setting the WebView's frame to {{0, 0}, {375, 623}}
2015-06-19 02:08:25.572 myApp[12635:674385] THREAD WARNING: ['InAppBrowser'] took '55.064941' ms. Plugin should use a background thread.
2015-06-19 02:08:36.274 myApp[12635:674385] webView:didFailLoadWithError - -1004: Could not connect to the server.
2015-06-19 02:10:02.060 myApp[12635:674385] Alexandre Huynh|https://fbcdn-profile-a.akamaihd.net/hprofile-ak-xfp1/v/t1.0-1/p50x50/11081233_10205268662049957_1151201157086804809_n.jpg?oh=49a26d8e1eb4dfd3d7fe36c6ff338e38&oe=55E782FC&__gda__=1442087319_4dc5758e8cb43d77ca3d7deae3325ca1|AaIk7148oCKqlCVUe5BBmyf_j6C1lJPxMCGGh6Exzf-1hbOgNcK2MMRYjN66zcgwAJpzlr9kDAj4Vst1D-rJmernwhAgxfS8aBjcHdDEGZLmRw
2015-06-19 02:10:37.010 myApp[12635:674385] Alexandre Huynh|https://fbcdn-profile-a.akamaihd.net/hprofile-ak-xfp1/v/t1.0-1/p50x50/11081233_10205268662049957_1151201157086804809_n.jpg?oh=49a26d8e1eb4dfd3d7fe36c6ff338e38&oe=55E782FC&__gda__=1442087319_4dc5758e8cb43d77ca3d7deae3325ca1|AaIk7148oCKqlCVUe5BBmyf_j6C1lJPxMCGGh6Exzf-1hbOgNcK2MMRYjN66zcgwAJpzlr9kDAj4Vst1D-rJmernwhAgxfS8aBjcHdDEGZLmRw
2015-06-19 02:10:43.629 myApp[12635:674385] Simon Chorin|https://fbcdn-profile-a.akamaihd.net/hprofile-ak-prn2/v/t1.0-1/p50x50/537859_4524585306478_67320291_n.jpg?oh=00859cebaf57e7210de1304c869609fe&oe=55F1F0F9&__gda__=1441731834_7601d7e5ffc5a9808aae915a225f3d55|AaLLGrQP58sYNbnhphs0HDQvlsCs5HeqeGf2f3Q9TwkqUVQUFO-j5YIkK1mxDJAE1tSdebUhF3CuonUMCTyVazFSUo02lUaNLZEEyhkLF2IkXA
2015-06-19 02:23:36.220 myApp[13636:866197] Apache Cordova native platform version 3.8.0 is starting.
2015-06-19 02:23:36.221 myApp[13636:866197] Multi-tasking -> Device: YES, App: YES
2015-06-19 02:23:36.222 myApp[13636:866197] Unlimited access to network resources
2015-06-19 02:23:36.284 myApp[13636:866197] [CDVTimer][keyboard] 0.046968ms
2015-06-19 02:23:36.297 myApp[13636:866197] [CDVTimer][splashscreen] 12.477994ms
2015-06-19 02:23:36.297 myApp[13636:866197] [CDVTimer][TotalPluginStartup] 12.849987ms
2015-06-19 02:23:36.369 myApp[13636:866197] Resetting plugins due to page load.
2015-06-19 02:23:36.653 myApp[13636:866197] Finished load of: http://192.168.0.14:8100/#/tab/soiree
2015-06-19 02:24:53.444 myApp[13636:866197] Resetting plugins due to page load.
2015-06-19 02:24:54.060 myApp[13636:866197] Finished load of: http://192.168.0.14:8100/#/create
2015-06-19 02:28:02.784 myApp[13636:866197] Resetting plugins due to page load.
2015-06-19 02:28:03.222 myApp[13636:866197] Finished load of: http://192.168.0.14:8100/#/create
2015-06-19 02:30:09.694 myApp[13636:866197] Resetting plugins due to page load.
2015-06-19 02:30:10.328 myApp[13636:866197] Finished load of: http://192.168.0.14:8100/#/create
2015-06-19 02:30:50.068 myApp[13636:866197] Resetting plugins due to page load.
2015-06-19 02:30:50.669 myApp[13636:866197] Finished load of: http://192.168.0.14:8100/#/create
2015-06-19 02:31:27.177 myApp[14040:965224] Apache Cordova native platform version 3.8.0 is starting.
2015-06-19 02:31:27.177 myApp[14040:965224] Multi-tasking -> Device: YES, App: YES
2015-06-19 02:31:27.180 myApp[14040:965224] Unlimited access to network resources
2015-06-19 02:31:27.241 myApp[14040:965224] [CDVTimer][keyboard] 0.050008ms
2015-06-19 02:31:27.253 myApp[14040:965224] [CDVTimer][splashscreen] 11.826038ms
2015-06-19 02:31:27.254 myApp[14040:965224] [CDVTimer][TotalPluginStartup] 12.167037ms
2015-06-19 02:31:27.324 myApp[14040:965224] Resetting plugins due to page load.
2015-06-19 02:31:27.589 myApp[14040:965224] Finished load of: http://192.168.0.14:8100/#/tab/soiree
2015-06-19 02:33:03.610 myApp[14394:985800] Apache Cordova native platform version 3.8.0 is starting.
2015-06-19 02:33:03.610 myApp[14394:985800] Multi-tasking -> Device: YES, App: YES
2015-06-19 02:33:03.612 myApp[14394:985800] Unlimited access to network resources
2015-06-19 02:33:03.673 myApp[14394:985800] [CDVTimer][keyboard] 0.051022ms
2015-06-19 02:33:03.683 myApp[14394:985800] [CDVTimer][splashscreen] 9.136021ms
2015-06-19 02:33:03.683 myApp[14394:985800] [CDVTimer][TotalPluginStartup] 9.436965ms
2015-06-19 02:33:03.795 myApp[14394:985800] Resetting plugins due to page load.
2015-06-19 02:33:04.060 myApp[14394:985800] Finished load of: http://192.168.0.14:8100/#/tab/soiree
2015-06-19 02:34:29.658 myApp[14761:1004219] Apache Cordova native platform version 3.8.0 is starting.
2015-06-19 02:34:29.659 myApp[14761:1004219] Multi-tasking -> Device: YES, App: YES
2015-06-19 02:34:29.661 myApp[14761:1004219] Unlimited access to network resources
2015-06-19 02:34:29.739 myApp[14761:1004219] [CDVTimer][keyboard] 0.051022ms
2015-06-19 02:34:29.752 myApp[14761:1004219] [CDVTimer][splashscreen] 12.825012ms
2015-06-19 02:34:29.752 myApp[14761:1004219] [CDVTimer][TotalPluginStartup] 13.237000ms
2015-06-19 02:34:29.830 myApp[14761:1004219] Resetting plugins due to page load.
2015-06-19 02:34:30.157 myApp[14761:1004219] Finished load of: http://192.168.0.14:8100/#/tab/soiree
2015-06-19 02:35:16.656 myApp[15108:1014956] Apache Cordova native platform version 3.8.0 is starting.
2015-06-19 02:35:16.657 myApp[15108:1014956] Multi-tasking -> Device: YES, App: YES
2015-06-19 02:35:16.658 myApp[15108:1014956] Unlimited access to network resources
2015-06-19 02:35:16.720 myApp[15108:1014956] [CDVTimer][keyboard] 0.057995ms
2015-06-19 02:35:16.730 myApp[15108:1014956] [CDVTimer][splashscreen] 9.707034ms
2015-06-19 02:35:16.730 myApp[15108:1014956] [CDVTimer][TotalPluginStartup] 10.024965ms
2015-06-19 02:35:16.853 myApp[15108:1014956] Resetting plugins due to page load.
2015-06-19 02:35:17.148 myApp[15108:1014956] Finished load of: http://192.168.0.14:8100/#/tab/soiree
2015-06-19 02:41:22.827 myApp[17390:1094485] Apache Cordova native platform version 3.8.0 is starting.
2015-06-19 02:41:22.828 myApp[17390:1094485] Multi-tasking -> Device: YES, App: YES
2015-06-19 02:41:22.829 myApp[17390:1094485] Unlimited access to network resources
2015-06-19 02:41:22.891 myApp[17390:1094485] [CDVTimer][keyboard] 0.051022ms
2015-06-19 02:41:22.904 myApp[17390:1094485] [CDVTimer][splashscreen] 12.941003ms
2015-06-19 02:41:22.904 myApp[17390:1094485] [CDVTimer][TotalPluginStartup] 13.310015ms
2015-06-19 02:41:22.969 myApp[17390:1094485] Resetting plugins due to page load.
2015-06-19 02:41:23.234 myApp[17390:1094485] Finished load of: file:///Users/Allan/Library/Developer/CoreSimulator/Devices/BEE9C0B5-FA4C-4238-872D-798E139B4EA6/data/Containers/Bundle/Application/CD08B054-C95F-4520-9215-94CBCB50DF43/myApp.app/www/index.html#/tab/soiree
2015-06-19 02:42:40.167 myApp[17749:1111346] Apache Cordova native platform version 3.8.0 is starting.
2015-06-19 02:42:40.168 myApp[17749:1111346] Multi-tasking -> Device: YES, App: YES
2015-06-19 02:42:40.169 myApp[17749:1111346] Unlimited access to network resources
2015-06-19 02:42:40.229 myApp[17749:1111346] [CDVTimer][keyboard] 0.051022ms
2015-06-19 02:42:40.240 myApp[17749:1111346] [CDVTimer][splashscreen] 11.654973ms
2015-06-19 02:42:40.241 myApp[17749:1111346] [CDVTimer][TotalPluginStartup] 11.996984ms
2015-06-19 02:42:40.305 myApp[17749:1111346] Resetting plugins due to page load.
2015-06-19 02:42:40.573 myApp[17749:1111346] Finished load of: file:///Users/Allan/Library/Developer/CoreSimulator/Devices/BEE9C0B5-FA4C-4238-872D-798E139B4EA6/data/Containers/Bundle/Application/BF1A0456-9A4F-4DAA-B1A0-550EA4FCCAE8/myApp.app/www/index.html#/tab/soiree
2015-06-19 02:42:49.188 myApp[18101:1113875] Apache Cordova native platform version 3.8.0 is starting.
2015-06-19 02:42:49.189 myApp[18101:1113875] Multi-tasking -> Device: YES, App: YES
2015-06-19 02:42:49.190 myApp[18101:1113875] Unlimited access to network resources
2015-06-19 02:42:49.251 myApp[18101:1113875] [CDVTimer][keyboard] 0.055969ms
2015-06-19 02:42:49.261 myApp[18101:1113875] [CDVTimer][splashscreen] 9.624004ms
2015-06-19 02:42:49.261 myApp[18101:1113875] [CDVTimer][TotalPluginStartup] 9.952962ms
2015-06-19 02:42:49.375 myApp[18101:1113875] Resetting plugins due to page load.
2015-06-19 02:42:49.653 myApp[18101:1113875] Finished load of: http://192.168.0.14:8101/#/login
2015-06-19 02:42:51.358 myApp[18101:1113875] Setting the WebView's frame to {{0, 0}, {375, 623}}
2015-06-19 02:42:51.362 myApp[18101:1113875] THREAD WARNING: ['InAppBrowser'] took '54.734863' ms. Plugin should use a background thread.
2015-06-19 02:43:12.531 myApp[18101:1113875] webView:didFailLoadWithError - -1004: Could not connect to the server.
